==10200== Memcheck, a memory error detector
==10200== Copyright (C) 2002-2015, and GNU GPL'd, by Julian Seward et al.
==10200== Using Valgrind-3.11.0 and LibVEX; rerun with -h for copyright info
==10200== Command: bin/xacto -p 9999
==10200== Parent PID: 10188
==10200== 
==10200== 
==10200== FILE DESCRIPTORS: 8 open at exit.
==10200== Open AF_INET socket 5: 0.0.0.0:9999 <-> unbound
==10200==    at 0x515F5A7: socket (syscall-template.S:84)
==10200==    by 0x403D7C: open_listenfd (csapp.c:1020)
==10200==    by 0x403ECE: Open_listenfd (csapp.c:1067)
==10200==    by 0x4022B1: main (main.c:96)
==10200== 
==10200== Open file descriptor 13: /dev/shm/bxf_arena_10186 (deleted)
==10200==    <inherited from parent>
==10200== 
==10200== Open file descriptor 12: /dev/shm/bxf_arena_10186 (deleted)
==10200==    <inherited from parent>
==10200== 
==10200== Open file descriptor 4:
==10200==    <inherited from parent>
==10200== 
==10200== Open file descriptor 3: /home/student/hdannon/hw5/valgrind.out
==10200==    <inherited from parent>
==10200== 
==10200== Open file descriptor 2: /dev/pts/0
==10200==    <inherited from parent>
==10200== 
==10200== Open file descriptor 1: /dev/pts/0
==10200==    <inherited from parent>
==10200== 
==10200== Open file descriptor 0:
==10200==    <inherited from parent>
==10200== 
==10200== 
==10200== HEAP SUMMARY:
==10200==     in use at exit: 4 bytes in 1 blocks
==10200==   total heap usage: 17 allocs, 16 frees, 12,420 bytes allocated
==10200== 
==10200== LEAK SUMMARY:
==10200==    definitely lost: 0 bytes in 0 blocks
==10200==    indirectly lost: 0 bytes in 0 blocks
==10200==      possibly lost: 0 bytes in 0 blocks
==10200==    still reachable: 4 bytes in 1 blocks
==10200==         suppressed: 0 bytes in 0 blocks
==10200== Reachable blocks (those to which a pointer was found) are not shown.
==10200== To see them, rerun with: --leak-check=full --show-leak-kinds=all
==10200== 
==10200== For counts of detected and suppressed errors, rerun with: -v
==10200== ERROR SUMMARY: 0 errors from 0 contexts (suppressed: 0 from 0)
